C:\Program Files (x86)\Microsoft Visual Studio\2017\Enterprise\MSBuild\15.0\Bin\Microsoft.Common.CurrentVersion.targets(1755,5): warning : The referenced project '..\..\common\common_vc9.vcxproj' does not exist.
  GameReferences.cpp
  Generating Code...
  Compiling...
  Serialization.cpp
  ScaleformExtendedData.cpp
  PapyrusWornObject.cpp
  PapyrusWeapon.cpp
  PapyrusUtility.cpp
  PapyrusUICallback.cpp
  PapyrusUI.cpp
  PapyrusSpell.cpp
  PapyrusRace.cpp
  PapyrusQuest.cpp
  PapyrusObjectReference.cpp
  PapyrusNetImmerse.cpp
  PapyrusMagicEffect.cpp
  PapyrusLeveledItem.cpp
  PapyrusKeyword.cpp
  PapyrusHeadPart.cpp
  PapyrusGame.cpp
  PapyrusForm.cpp
  PapyrusEvents.cpp
  PapyrusDefaultObjectManager.cpp
  Generating Code...
  Compiling...
  PapyrusCell.cpp
  PapyrusArt.cpp
  PapyrusActorValueInfo.cpp
  PapyrusActorBase.cpp
  PapyrusActor.cpp
  InternalSerialization.cpp
  Hooks_UI.cpp
  Hooks_Scaleform.cpp
  Hooks_SaveLoad.cpp
  Hooks_Papyrus.cpp
  Hooks_ObScript.cpp
  Hooks_Handlers.cpp
  Hooks_Gameplay.cpp
  Hooks_Event.cpp
  GameThreads.cpp
  GameObjects.cpp
  GameMenus.cpp
  GameHandlers.cpp
  GameFormComponents.cpp
  GameExtraData.cpp
  Generating Code...
  Compiling...
  GameData.cpp
  CustomMenu.cpp
  Generating Code...
